[0.407s] DEBUG:colcon:Command line arguments: ['/usr/bin/colcon', 'list', '-p', '--base-paths', '/home/wenis/Mestrado/2025.2/Comp_Evol/Trabalho/Dev']
[0.407s] DEBUG:colcon:Parsed command line arguments: Namespace(log_base=None, log_level=None, verb_name='list', build_base='build', ignore_user_meta=False, metas=['./colcon.meta'], base_paths=['/home/wenis/Mestrado/2025.2/Comp_Evol/Trabalho/Dev'], packages_ignore=None, packages_ignore_regex=None, paths=None, packages_up_to=None, packages_up_to_regex=None, packages_above=None, packages_above_and_dependencies=None, packages_above_depth=None, packages_select_by_dep=None, packages_skip_by_dep=None, packages_skip_up_to=None, packages_select_build_failed=False, packages_skip_build_finished=False, packages_select_test_failures=False, packages_skip_test_passed=False, packages_select=None, packages_skip=None, packages_select_regex=None, packages_skip_regex=None, packages_start=None, packages_end=None, allow_overriding=[], topological_order=False, names_only=False, paths_only=True, topological_graph=False, topological_graph_dot=False, topological_graph_density=False, topological_graph_legend=False, topological_graph_dot_cluster=False, topological_graph_dot_include_skipped=False, mixin_files=None, mixin=None, verb_parser=<colcon_mixin.mixin.mixin_argument.MixinArgumentDecorator object at 0x7504464bab60>, verb_extension=<colcon_package_information.verb.list.ListVerb object at 0x7504464ba3b0>, main=<bound method ListVerb.main of <colcon_package_information.verb.list.ListVerb object at 0x7504464ba3b0>>, mixin_verb=('list',))
[0.457s] Level 1:colcon.colcon_core.package_discovery:discover_packages(colcon_meta) check parameters
[0.457s] Level 1:colcon.colcon_core.package_discovery:discover_packages(recursive) check parameters
[0.457s] Level 1:colcon.colcon_core.package_discovery:discover_packages(ignore) check parameters
[0.457s] Level 1:colcon.colcon_core.package_discovery:discover_packages(path) check parameters
[0.458s] Level 1:colcon.colcon_core.package_discovery:discover_packages(recursive) discover
[0.458s] INFO:colcon.colcon_core.package_discovery:Crawling recursively for packages in '/home/wenis/Mestrado/2025.2/Comp_Evol/Trabalho/Dev'
[0.458s] Level 1:colcon.colcon_core.package_identification:_identify(/home/wenis/Mestrado/2025.2/Comp_Evol/Trabalho/Dev) by extensions ['ignore', 'ignore_ament_install']
[0.458s] Level 1:colcon.colcon_core.package_identification:_identify(/home/wenis/Mestrado/2025.2/Comp_Evol/Trabalho/Dev) by extension 'ignore'
[0.458s] Level 1:colcon.colcon_core.package_identification:_identify(/home/wenis/Mestrado/2025.2/Comp_Evol/Trabalho/Dev) by extension 'ignore_ament_install'
[0.458s] Level 1:colcon.colcon_core.package_identification:_identify(/home/wenis/Mestrado/2025.2/Comp_Evol/Trabalho/Dev) by extensions ['colcon_pkg']
[0.458s] Level 1:colcon.colcon_core.package_identification:_identify(/home/wenis/Mestrado/2025.2/Comp_Evol/Trabalho/Dev) by extension 'colcon_pkg'
[0.458s] Level 1:colcon.colcon_core.package_identification:_identify(/home/wenis/Mestrado/2025.2/Comp_Evol/Trabalho/Dev) by extensions ['colcon_meta']
[0.458s] Level 1:colcon.colcon_core.package_identification:_identify(/home/wenis/Mestrado/2025.2/Comp_Evol/Trabalho/Dev) by extension 'colcon_meta'
[0.458s] Level 1:colcon.colcon_core.package_identification:_identify(/home/wenis/Mestrado/2025.2/Comp_Evol/Trabalho/Dev) by extensions ['ros']
[0.458s] Level 1:colcon.colcon_core.package_identification:_identify(/home/wenis/Mestrado/2025.2/Comp_Evol/Trabalho/Dev) by extension 'ros'
[0.483s] Level 1:colcon.colcon_core.package_identification:_identify(/home/wenis/Mestrado/2025.2/Comp_Evol/Trabalho/Dev) by extensions ['cmake', 'python']
[0.483s] Level 1:colcon.colcon_core.package_identification:_identify(/home/wenis/Mestrado/2025.2/Comp_Evol/Trabalho/Dev) by extension 'cmake'
[0.483s] Level 1:colcon.colcon_core.package_identification:_identify(/home/wenis/Mestrado/2025.2/Comp_Evol/Trabalho/Dev) by extension 'python'
[0.483s] Level 1:colcon.colcon_core.package_identification:_identify(/home/wenis/Mestrado/2025.2/Comp_Evol/Trabalho/Dev) by extensions ['python_setup_py']
[0.483s] Level 1:colcon.colcon_core.package_identification:_identify(/home/wenis/Mestrado/2025.2/Comp_Evol/Trabalho/Dev) by extension 'python_setup_py'
[0.484s] Level 1:colcon.colcon_core.package_identification:_identify(/home/wenis/Mestrado/2025.2/Comp_Evol/Trabalho/Dev/log) by extensions ['ignore', 'ignore_ament_install']
[0.484s] Level 1:colcon.colcon_core.package_identification:_identify(/home/wenis/Mestrado/2025.2/Comp_Evol/Trabalho/Dev/log) by extension 'ignore'
[0.484s] Level 1:colcon.colcon_core.package_identification:_identify(/home/wenis/Mestrado/2025.2/Comp_Evol/Trabalho/Dev/log) ignored
[0.484s] Level 1:colcon.colcon_core.package_identification:_identify(/home/wenis/Mestrado/2025.2/Comp_Evol/Trabalho/Dev/src) by extensions ['ignore', 'ignore_ament_install']
[0.484s] Level 1:colcon.colcon_core.package_identification:_identify(/home/wenis/Mestrado/2025.2/Comp_Evol/Trabalho/Dev/src) by extension 'ignore'
[0.484s] Level 1:colcon.colcon_core.package_identification:_identify(/home/wenis/Mestrado/2025.2/Comp_Evol/Trabalho/Dev/src) by extension 'ignore_ament_install'
[0.484s] Level 1:colcon.colcon_core.package_identification:_identify(/home/wenis/Mestrado/2025.2/Comp_Evol/Trabalho/Dev/src) by extensions ['colcon_pkg']
[0.484s] Level 1:colcon.colcon_core.package_identification:_identify(/home/wenis/Mestrado/2025.2/Comp_Evol/Trabalho/Dev/src) by extension 'colcon_pkg'
[0.484s] Level 1:colcon.colcon_core.package_identification:_identify(/home/wenis/Mestrado/2025.2/Comp_Evol/Trabalho/Dev/src) by extensions ['colcon_meta']
[0.484s] Level 1:colcon.colcon_core.package_identification:_identify(/home/wenis/Mestrado/2025.2/Comp_Evol/Trabalho/Dev/src) by extension 'colcon_meta'
[0.484s] Level 1:colcon.colcon_core.package_identification:_identify(/home/wenis/Mestrado/2025.2/Comp_Evol/Trabalho/Dev/src) by extensions ['ros']
[0.484s] Level 1:colcon.colcon_core.package_identification:_identify(/home/wenis/Mestrado/2025.2/Comp_Evol/Trabalho/Dev/src) by extension 'ros'
[0.485s] Level 1:colcon.colcon_core.package_identification:_identify(/home/wenis/Mestrado/2025.2/Comp_Evol/Trabalho/Dev/src) by extensions ['cmake', 'python']
[0.485s] Level 1:colcon.colcon_core.package_identification:_identify(/home/wenis/Mestrado/2025.2/Comp_Evol/Trabalho/Dev/src) by extension 'cmake'
[0.485s] Level 1:colcon.colcon_core.package_identification:_identify(/home/wenis/Mestrado/2025.2/Comp_Evol/Trabalho/Dev/src) by extension 'python'
[0.485s] Level 1:colcon.colcon_core.package_identification:_identify(/home/wenis/Mestrado/2025.2/Comp_Evol/Trabalho/Dev/src) by extensions ['python_setup_py']
[0.485s] Level 1:colcon.colcon_core.package_identification:_identify(/home/wenis/Mestrado/2025.2/Comp_Evol/Trabalho/Dev/src) by extension 'python_setup_py'
[0.485s] Level 1:colcon.colcon_core.package_identification:_identify(/home/wenis/Mestrado/2025.2/Comp_Evol/Trabalho/Dev/src/robot_description) by extensions ['ignore', 'ignore_ament_install']
[0.485s] Level 1:colcon.colcon_core.package_identification:_identify(/home/wenis/Mestrado/2025.2/Comp_Evol/Trabalho/Dev/src/robot_description) by extension 'ignore'
[0.485s] Level 1:colcon.colcon_core.package_identification:_identify(/home/wenis/Mestrado/2025.2/Comp_Evol/Trabalho/Dev/src/robot_description) by extension 'ignore_ament_install'
[0.485s] Level 1:colcon.colcon_core.package_identification:_identify(/home/wenis/Mestrado/2025.2/Comp_Evol/Trabalho/Dev/src/robot_description) by extensions ['colcon_pkg']
[0.485s] Level 1:colcon.colcon_core.package_identification:_identify(/home/wenis/Mestrado/2025.2/Comp_Evol/Trabalho/Dev/src/robot_description) by extension 'colcon_pkg'
[0.485s] Level 1:colcon.colcon_core.package_identification:_identify(/home/wenis/Mestrado/2025.2/Comp_Evol/Trabalho/Dev/src/robot_description) by extensions ['colcon_meta']
[0.485s] Level 1:colcon.colcon_core.package_identification:_identify(/home/wenis/Mestrado/2025.2/Comp_Evol/Trabalho/Dev/src/robot_description) by extension 'colcon_meta'
[0.485s] Level 1:colcon.colcon_core.package_identification:_identify(/home/wenis/Mestrado/2025.2/Comp_Evol/Trabalho/Dev/src/robot_description) by extensions ['ros']
[0.485s] Level 1:colcon.colcon_core.package_identification:_identify(/home/wenis/Mestrado/2025.2/Comp_Evol/Trabalho/Dev/src/robot_description) by extension 'ros'
[0.493s] DEBUG:colcon.colcon_core.package_identification:Package '/home/wenis/Mestrado/2025.2/Comp_Evol/Trabalho/Dev/src/robot_description' with type 'ros.ament_cmake' and name 'robot_description'
[0.493s] Level 1:colcon.colcon_core.package_identification:_identify(/home/wenis/Mestrado/2025.2/Comp_Evol/Trabalho/Dev/src/robot_gazebo) by extensions ['ignore', 'ignore_ament_install']
[0.493s] Level 1:colcon.colcon_core.package_identification:_identify(/home/wenis/Mestrado/2025.2/Comp_Evol/Trabalho/Dev/src/robot_gazebo) by extension 'ignore'
[0.493s] Level 1:colcon.colcon_core.package_identification:_identify(/home/wenis/Mestrado/2025.2/Comp_Evol/Trabalho/Dev/src/robot_gazebo) by extension 'ignore_ament_install'
[0.493s] Level 1:colcon.colcon_core.package_identification:_identify(/home/wenis/Mestrado/2025.2/Comp_Evol/Trabalho/Dev/src/robot_gazebo) by extensions ['colcon_pkg']
[0.493s] Level 1:colcon.colcon_core.package_identification:_identify(/home/wenis/Mestrado/2025.2/Comp_Evol/Trabalho/Dev/src/robot_gazebo) by extension 'colcon_pkg'
[0.493s] Level 1:colcon.colcon_core.package_identification:_identify(/home/wenis/Mestrado/2025.2/Comp_Evol/Trabalho/Dev/src/robot_gazebo) by extensions ['colcon_meta']
[0.493s] Level 1:colcon.colcon_core.package_identification:_identify(/home/wenis/Mestrado/2025.2/Comp_Evol/Trabalho/Dev/src/robot_gazebo) by extension 'colcon_meta'
[0.494s] Level 1:colcon.colcon_core.package_identification:_identify(/home/wenis/Mestrado/2025.2/Comp_Evol/Trabalho/Dev/src/robot_gazebo) by extensions ['ros']
[0.494s] Level 1:colcon.colcon_core.package_identification:_identify(/home/wenis/Mestrado/2025.2/Comp_Evol/Trabalho/Dev/src/robot_gazebo) by extension 'ros'
[0.496s] DEBUG:colcon.colcon_core.package_identification:Package '/home/wenis/Mestrado/2025.2/Comp_Evol/Trabalho/Dev/src/robot_gazebo' with type 'ros.ament_cmake' and name 'robot_gazebo'
[0.496s] Level 1:colcon.colcon_core.package_discovery:discover_packages(recursive) using defaults
